<?xml version="1.0" encoding="UTF-8"?>
<!-- Generated by org.testng.reporters.JUnitXMLReporter -->
<testsuite ignored="2" hostname="DESKTOP-EI8VAKO" failures="0" tests="2" name="Chrome" time="70.525" errors="0" timestamp="2026-01-04T00:46:42 IST">
  <testcase classname="com.salesforce.testcases.TC001_CreateLead" name="createLead" time="29.528"/>
  <testcase classname="com.salesforce.testcases.TC002_CreateAccount" name="login" time="26.359"/>
  <testcase classname="com.framework.utils.Reporter" name="@BeforeSuite startReport" time="0.0">
    <ignored/>
  </testcase> <!-- @BeforeSuite startReport -->
  <testcase classname="com.framework.utils.Reporter" name="@AfterSuite endResult" time="0.0">
    <ignored/>
  </testcase> <!-- @AfterSuite endResult -->
</testsuite> <!-- Chrome -->
