<?xml version="1.0" encoding="UTF-8"?>
<testng-results ignored="2" total="4" passed="2" failed="0" skipped="0">
  <reporter-output>
  </reporter-output>
  <suite started-at="2026-01-04T00:45:32 IST" name="Suite" finished-at="2026-01-04T00:46:42 IST" duration-ms="70525">
    <groups>
      <group name="cucumber">
        <method signature="AbstractTestNGCucumberTests.runScenario(io.cucumber.testng.PickleWrapper,io.cucumber.testng.FeatureWrapper)[pri:0, instance:com.salesforce.testcases.TC001_CreateLead@7bedc48a]" name="runScenario" class="io.cucumber.testng.AbstractTestNGCucumberTests"/>
        <method signature="AbstractTestNGCucumberTests.runScenario(io.cucumber.testng.PickleWrapper,io.cucumber.testng.FeatureWrapper)[pri:0, instance:com.salesforce.testcases.TC002_CreateAccount@6200f9cb]" name="runScenario" class="io.cucumber.testng.AbstractTestNGCucumberTests"/>
      </group> <!-- cucumber -->
    </groups>
    <test started-at="2026-01-04T00:45:32 IST" name="Chrome" finished-at="2026-01-04T00:46:42 IST" duration-ms="70525">
      <class name="com.salesforce.testcases.TC002_CreateAccount">
        <test-method is-config="true" signature="setValues()[pri:0, instance:com.salesforce.testcases.TC002_CreateAccount@6200f9cb]" started-at="2026-01-04T00:45:32 IST" name="setValues" finished-at="2026-01-04T00:45:32 IST" duration-ms="1" status="PASS">
          <reporter-output>
          </reporter-output>
        </test-method> <!-- setValues -->
        <test-method is-config="true" signature="setUpClass(org.testng.ITestContext)[pri:0, instance:com.salesforce.testcases.TC002_CreateAccount@6200f9cb]" started-at="2026-01-04T00:46:12 IST" name="setUpClass" finished-at="2026-01-04T00:46:13 IST" duration-ms="23" status="PASS">
          <params>
            <param index="0">
              <value>
                <![CDATA[org.testng.TestRunner@1a8e9ed9]]>
              </value>
            </param>
          </params>
          <reporter-output>
          </reporter-output>
        </test-method> <!-- setUpClass -->
        <test-method is-config="true" signature="startTestCase()[pri:0, instance:com.salesforce.testcases.TC002_CreateAccount@6200f9cb]" started-at="2026-01-04T00:46:13 IST" name="startTestCase" finished-at="2026-01-04T00:46:13 IST" duration-ms="0" status="PASS">
          <reporter-output>
          </reporter-output>
        </test-method> <!-- startTestCase -->
        <test-method is-config="true" signature="preCondition()[pri:0, instance:com.salesforce.testcases.TC002_CreateAccount@6200f9cb]" started-at="2026-01-04T00:46:13 IST" name="preCondition" finished-at="2026-01-04T00:46:16 IST" duration-ms="3188" status="PASS">
          <reporter-output>
          </reporter-output>
        </test-method> <!-- preCondition -->
        <test-method signature="login(java.lang.String,java.lang.String,java.lang.String)[pri:0, instance:com.salesforce.testcases.TC002_CreateAccount@6200f9cb]" started-at="2026-01-04T00:46:16 IST" name="login" data-provider="fetchData" finished-at="2026-01-04T00:46:42 IST" duration-ms="26359" status="PASS">
          <params>
            <param index="0">
              <value>
                <![CDATA[bhuvanesh.moorthy@testleaf.com]]>
              </value>
            </param>
            <param index="1">
              <value>
                <![CDATA[Qeagle@2025]]>
              </value>
            </param>
            <param index="2">
              <value>
                <![CDATA[Bhuvanesh]]>
              </value>
            </param>
          </params>
          <reporter-output>
          </reporter-output>
        </test-method> <!-- login -->
        <test-method is-config="true" signature="postCondition()[pri:0, instance:com.salesforce.testcases.TC002_CreateAccount@6200f9cb]" started-at="2026-01-04T00:46:42 IST" name="postCondition" finished-at="2026-01-04T00:46:42 IST" duration-ms="212" status="PASS">
          <reporter-output>
          </reporter-output>
        </test-method> <!-- postCondition -->
        <test-method is-config="true" signature="tearDownClass()[pri:0, instance:com.salesforce.testcases.TC002_CreateAccount@6200f9cb]" started-at="2026-01-04T00:46:42 IST" name="tearDownClass" finished-at="2026-01-04T00:46:42 IST" duration-ms="2" status="PASS">
          <reporter-output>
          </reporter-output>
        </test-method> <!-- tearDownClass -->
      </class> <!-- com.salesforce.testcases.TC002_CreateAccount -->
      <class name="com.salesforce.testcases.TC001_CreateLead">
        <test-method is-config="true" signature="startReport()[pri:0, instance:com.salesforce.testcases.TC001_CreateLead@7bedc48a]" started-at="2026-01-04T00:45:32 IST" name="startReport" finished-at="2026-01-04T00:45:32 IST" duration-ms="244" status="PASS">
          <reporter-output>
          </reporter-output>
        </test-method> <!-- startReport -->
        <test-method is-config="true" signature="setValues()[pri:0, instance:com.salesforce.testcases.TC001_CreateLead@7bedc48a]" started-at="2026-01-04T00:45:32 IST" name="setValues" finished-at="2026-01-04T00:45:32 IST" duration-ms="0" status="PASS">
          <reporter-output>
          </reporter-output>
        </test-method> <!-- setValues -->
        <test-method is-config="true" signature="setUpClass(org.testng.ITestContext)[pri:0, instance:com.salesforce.testcases.TC001_CreateLead@7bedc48a]" started-at="2026-01-04T00:45:32 IST" name="setUpClass" finished-at="2026-01-04T00:45:32 IST" duration-ms="305" status="PASS">
          <params>
            <param index="0">
              <value>
                <![CDATA[org.testng.TestRunner@1a8e9ed9]]>
              </value>
            </param>
          </params>
          <reporter-output>
          </reporter-output>
        </test-method> <!-- setUpClass -->
        <test-method is-config="true" signature="startTestCase()[pri:0, instance:com.salesforce.testcases.TC001_CreateLead@7bedc48a]" started-at="2026-01-04T00:45:32 IST" name="startTestCase" finished-at="2026-01-04T00:45:32 IST" duration-ms="28" status="PASS">
          <reporter-output>
          </reporter-output>
        </test-method> <!-- startTestCase -->
        <test-method is-config="true" signature="preCondition()[pri:0, instance:com.salesforce.testcases.TC001_CreateLead@7bedc48a]" started-at="2026-01-04T00:45:33 IST" name="preCondition" finished-at="2026-01-04T00:45:42 IST" duration-ms="9011" status="PASS">
          <reporter-output>
          </reporter-output>
        </test-method> <!-- preCondition -->
        <test-method signature="createLead(java.lang.String,java.lang.String,java.lang.String,java.lang.String,java.lang.String)[pri:0, instance:com.salesforce.testcases.TC001_CreateLead@7bedc48a]" started-at="2026-01-04T00:45:42 IST" name="createLead" data-provider="fetchData" finished-at="2026-01-04T00:46:12 IST" duration-ms="29528" status="PASS">
          <params>
            <param index="0">
              <value>
                <![CDATA[bhuvanesh.moorthy@testleaf.com]]>
              </value>
            </param>
            <param index="1">
              <value>
                <![CDATA[Qeagle@2025]]>
              </value>
            </param>
            <param index="2">
              <value>
                <![CDATA[Bhuvanesh]]>
              </value>
            </param>
            <param index="3">
              <value>
                <![CDATA[Moorthy]]>
              </value>
            </param>
            <param index="4">
              <value>
                <![CDATA[Testleaf]]>
              </value>
            </param>
          </params>
          <reporter-output>
          </reporter-output>
        </test-method> <!-- createLead -->
        <test-method is-config="true" signature="postCondition()[pri:0, instance:com.salesforce.testcases.TC001_CreateLead@7bedc48a]" started-at="2026-01-04T00:46:12 IST" name="postCondition" finished-at="2026-01-04T00:46:12 IST" duration-ms="500" status="PASS">
          <reporter-output>
          </reporter-output>
        </test-method> <!-- postCondition -->
        <test-method is-config="true" signature="tearDownClass()[pri:0, instance:com.salesforce.testcases.TC001_CreateLead@7bedc48a]" started-at="2026-01-04T00:46:12 IST" name="tearDownClass" finished-at="2026-01-04T00:46:12 IST" duration-ms="32" status="PASS">
          <reporter-output>
          </reporter-output>
        </test-method> <!-- tearDownClass -->
        <test-method is-config="true" signature="endResult()[pri:0, instance:com.salesforce.testcases.TC001_CreateLead@7bedc48a]" started-at="2026-01-04T00:46:42 IST" name="endResult" finished-at="2026-01-04T00:46:43 IST" duration-ms="722" status="PASS">
          <reporter-output>
          </reporter-output>
        </test-method> <!-- endResult -->
      </class> <!-- com.salesforce.testcases.TC001_CreateLead -->
    </test> <!-- Chrome -->
  </suite> <!-- Suite -->
</testng-results>
